<?xml version="1.0" encoding="UTF-8"?>
<!-- Generated by org.testng.reporters.JUnitReportReporter -->
<testsuite hostname="LAPTOP-AHR2CD7I" failures="0" tests="2" name="testNG.annotationsStudy" time="0.011" errors="0" timestamp="2023-07-03T15:10:19 IST" skipped="0">
  <testcase classname="testNG.annotationsStudy" name="testcase1" time="0.008">
    <system-out>
      <![CDATA[TC1 is Running ]]>
    </system-out>
  </testcase> <!-- testcase1 -->
  <testcase classname="testNG.annotationsStudy" name="testcase2" time="0.003">
    <system-out>
      <![CDATA[TC2]]>
    </system-out>
  </testcase> <!-- testcase2 -->
  <system-out>
    <![CDATA[beforeclass
beforeMethod is running
TC1 is Running 
afterMethod
beforeMethod is running
TC2
afterMethod
afterclass]]>
  </system-out>
</testsuite> <!-- testNG.annotationsStudy -->
