<?xml version="1.0" encoding="UTF-8"?>
<!-- Generated by org.testng.reporters.JUnitReportReporter -->
<testsuite hostname="LAPTOP-AHR2CD7I" failures="0" tests="1" name="testNGXML.Demo3ForFailedXml" time="1.020" errors="0" timestamp="2023-07-04T12:36:26 IST" skipped="0">
  <testcase classname="testNGXML.Demo3ForFailedXml" name="Testcase8" time="1.020">
    <system-out>
      <![CDATA[TC8 is Running]]>
    </system-out>
  </testcase> <!-- Testcase8 -->
  <system-out>
    <![CDATA[TC8 is Running]]>
  </system-out>
</testsuite> <!-- testNGXML.Demo3ForFailedXml -->
