<?xml version="1.0" encoding="UTF-8"?>
<!-- Generated by org.testng.reporters.JUnitReportReporter -->
<testsuite hostname="LAPTOP-AHR2CD7I" failures="0" tests="1" name="testNG.sample" time="0.007" errors="0" timestamp="2023-07-03T14:00:52 IST" skipped="0">
  <testcase classname="testNG.sample" name="demo" time="0.007">
    <system-out>
      <![CDATA[hi good evening-->by using Reporter.log
hi good evening --->by using Reporter.log.boolean]]>
    </system-out>
  </testcase> <!-- demo -->
  <system-out>
    <![CDATA[hi good evening-->by using Reporter.log
hi good evening --->by using Reporter.log.boolean]]>
  </system-out>
</testsuite> <!-- testNG.sample -->
