<?xml version="1.0" encoding="UTF-8"?>
<!-- Generated by org.testng.reporters.JUnitReportReporter -->
<testsuite hostname="LAPTOP-AHR2CD7I" failures="0" tests="1" name="testNGXML.fireFox" time="7.895" errors="0" timestamp="2023-07-04T16:10:33 IST" skipped="0">
  <testcase classname="testNGXML.fireFox" name="fireFox" time="7.895"/>
</testsuite> <!-- testNGXML.fireFox -->
