<?xml version="1.0" encoding="UTF-8"?>
<!-- Generated by org.testng.reporters.JUnitReportReporter -->
<testsuite hostname="LAPTOP-AHR2CD7I" failures="0" tests="1" name="testNG.SoftassertionTest2" time="4.458" errors="0" timestamp="2023-07-05T22:34:37 IST" skipped="0">
  <testcase classname="testNG.SoftassertionTest2" name="f" time="4.458"/>
</testsuite> <!-- testNG.SoftassertionTest2 -->
