<?xml version="1.0" encoding="UTF-8"?>
<!-- Generated by org.testng.reporters.JUnitReportReporter -->
<testsuite hostname="LAPTOP-AHR2CD7I" failures="0" tests="1" name="testNGXML.amazon" time="7.935" errors="0" timestamp="2023-07-04T18:16:43 IST" skipped="0">
  <testcase classname="testNGXML.amazon" name="amazon" time="7.935"/>
</testsuite> <!-- testNGXML.amazon -->
