<?xml version="1.0" encoding="UTF-8"?>
<!-- Generated by org.testng.reporters.JUnitReportReporter -->
<testsuite hostname="LAPTOP-AHR2CD7I" failures="0" tests="8" name="testNG.testNgHelperKeyword" time="0.143" errors="1" timestamp="2023-07-03T21:55:14 IST" skipped="3">
  <testcase classname="testNG.testNgHelperKeyword" name="testcase1" time="0.001">
    <system-out>
      <![CDATA[TC1 is running]]>
    </system-out>
  </testcase> <!-- testcase1 -->
  <testcase classname="testNG.testNgHelperKeyword" name="testcase5" time="0.111">
    <error message="Method testNG.testNgHelperKeyword.testcase5() didn&#039;t finish within the time-out 100" type="org.testng.internal.thread.ThreadTimeoutException">
      <![CDATA[org.testng.internal.thread.ThreadTimeoutException: Method testNG.testNgHelperKeyword.testcase5() didn't finish within the time-out 100
at java.base/java.lang.Thread.sleep0(Native Method)
at java.base/java.lang.Thread.sleep(Thread.java:484)
at testNG.testNgHelperKeyword.testcase5(testNgHelperKeyword.java:32)
at java.base/jdk.internal.reflect.DirectMethodHandleAccessor.invoke(DirectMethodHandleAccessor.java:104)
at java.base/java.lang.reflect.Method.invoke(Method.java:578)
at org.testng.internal.invokers.MethodInvocationHelper.invokeMethod(MethodInvocationHelper.java:139)
at org.testng.internal.invokers.InvokeMethodRunnable.runOne(InvokeMethodRunnable.java:47)
at org.testng.internal.invokers.InvokeMethodRunnable.call(InvokeMethodRunnable.java:76)
at org.testng.internal.invokers.InvokeMethodRunnable.call(InvokeMethodRunnable.java:11)
at java.base/java.util.concurrent.FutureTask.run(FutureTask.java:317)
at java.base/java.util.concurrent.ThreadPoolExecutor.runWorker(ThreadPoolExecutor.java:1144)
at java.base/java.util.concurrent.ThreadPoolExecutor$Worker.run(ThreadPoolExecutor.java:642)
at java.base/java.lang.Thread.run(Thread.java:1623)
]]>
    </error>
  </testcase> <!-- testcase5 -->
  <testcase classname="testNG.testNgHelperKeyword" name="testcase6" time="0.001">
    <skipped/>
  </testcase> <!-- testcase6 -->
  <testcase classname="testNG.testNgHelperKeyword" name="testcase1" time="0.022">
    <system-out>
      <![CDATA[TC1 is running]]>
    </system-out>
  </testcase> <!-- testcase1 -->
  <testcase classname="testNG.testNgHelperKeyword" name="testcase1" time="0.002">
    <system-out>
      <![CDATA[TC1 is running]]>
    </system-out>
  </testcase> <!-- testcase1 -->
  <testcase classname="testNG.testNgHelperKeyword" name="testcase2" time="0.006">
    <system-out>
      <![CDATA[TC2 is running]]>
    </system-out>
  </testcase> <!-- testcase2 -->
  <testcase classname="testNG.testNgHelperKeyword" name="testcase3">
    <skipped/>
  </testcase> <!-- testcase3 -->
  <testcase classname="testNG.testNgHelperKeyword" name="testcase4">
    <skipped/>
  </testcase> <!-- testcase4 -->
  <system-out>
    <![CDATA[TC1 is running
TC1 is running
TC1 is running
TC2 is running]]>
  </system-out>
</testsuite> <!-- testNG.testNgHelperKeyword -->
