<?xml version="1.0" encoding="UTF-8"?>
<!-- Generated by org.testng.reporters.JUnitReportReporter -->
<testsuite hostname="LAPTOP-AHR2CD7I" failures="0" tests="2" name="crossTesting.fbTest" time="10.392" errors="0" timestamp="2023-07-05T00:58:52 IST" skipped="0">
  <testcase classname="crossTesting.fbTest" name="fb" time="3.621"/>
  <testcase classname="crossTesting.fbTest" name="fb" time="6.771"/>
</testsuite> <!-- crossTesting.fbTest -->
