<?xml version="1.0" encoding="UTF-8"?>
<!-- Generated by org.testng.reporters.JUnitReportReporter -->
<testsuite hostname="LAPTOP-AHR2CD7I" failures="0" tests="1" name="testNG.FBtitleVerification" time="3.455" errors="0" timestamp="2023-07-05T14:55:31 IST" skipped="0">
  <testcase classname="testNG.FBtitleVerification" name="f" time="3.455"/>
</testsuite> <!-- testNG.FBtitleVerification -->
