<?xml version="1.0" encoding="UTF-8"?>
<!-- Generated by org.testng.reporters.JUnitReportReporter -->
<testsuite hostname="LAPTOP-AHR2CD7I" failures="0" tests="2" name="testNGXML.Demo2" time="0.017" errors="0" timestamp="2023-07-03T23:44:13 IST" skipped="0">
  <testcase classname="testNGXML.Demo2" name="Testcase8" time="0.015">
    <system-out>
      <![CDATA[TC8 is Running]]>
    </system-out>
  </testcase> <!-- Testcase8 -->
  <testcase classname="testNGXML.Demo2" name="Testcase9" time="0.002">
    <system-out>
      <![CDATA[TC9 is Running]]>
    </system-out>
  </testcase> <!-- Testcase9 -->
  <system-out>
    <![CDATA[TC8 is Running
TC9 is Running
TC5 is Running
TC6 is Running]]>
  </system-out>
</testsuite> <!-- testNGXML.Demo2 -->
