<?xml version="1.0" encoding="UTF-8"?>
<!-- Generated by org.testng.reporters.JUnitReportReporter -->
<testsuite hostname="LAPTOP-AHR2CD7I" failures="0" tests="2" name="testNGXML.Demo" time="0.005" errors="0" timestamp="2023-07-03T23:44:13 IST" skipped="0">
  <testcase classname="testNGXML.Demo" name="Testcase6" time="0.003">
    <system-out>
      <![CDATA[TC6 is Running]]>
    </system-out>
  </testcase> <!-- Testcase6 -->
  <testcase classname="testNGXML.Demo" name="Testcase5" time="0.002">
    <system-out>
      <![CDATA[TC5 is Running]]>
    </system-out>
  </testcase> <!-- Testcase5 -->
  <system-out>
    <![CDATA[TC8 is Running
TC9 is Running
TC5 is Running
TC6 is Running]]>
  </system-out>
</testsuite> <!-- testNGXML.Demo -->
