<?xml version="1.0" encoding="UTF-8"?>
<!-- Generated by org.testng.reporters.JUnitReportReporter -->
<testsuite hostname="LAPTOP-AHR2CD7I" failures="0" tests="1" name="testNG.fbLogin" time="4.924" errors="0" timestamp="2023-07-06T16:37:04 IST" skipped="0">
  <testcase classname="testNG.fbLogin" name="facebook" time="4.924"/>
</testsuite> <!-- testNG.fbLogin -->
